<?xml version="1.0" encoding="UTF-8" ?>
<testsuite failures="0" time="1.221" errors="0" skipped="0" tests="4" name="test.de.twenty11.skysail.server.menu.domain.ShiroBaseTest">
  <properties>
[...]
</properties>
  <testcase time="1.012" classname="test.de.twenty11.skysail.server.menu.domain.ShiroBaseTest" name="setup_works"/>
  <testcase time="0" classname="test.de.twenty11.skysail.server.menu.domain.ShiroBaseTest" name="test_current_user_is_not_authenticated"/>
  <testcase time="0" classname="test.de.twenty11.skysail.server.menu.domain.ShiroBaseTest" name="test_user_cannot_log_in_with_wrong_credentials"/>
  <testcase time="0.209" classname="test.de.twenty11.skysail.server.menu.domain.ShiroBaseTest" name="test_user_can_log_in_with_matching_credentials"/>
</testsuite>